[0.578s] Invoking command in '/home/antonio/Desktop/ros2_ws/src/turtle_control_ant': PYTHONPATH=/home/antonio/Desktop/ros2_ws/build/turtle_control_ant/prefix_override:/usr/lib/python3/dist-packages/colcon_core/task/python/colcon_distutils_commands:/home/antonio/Desktop/ros2_ws/install/turtle_control_ant/lib/python3.10/site-packages:${PYTHONPATH} /usr/bin/python3 -W ignore:setup.py install is deprecated setup.py egg_info --egg-base ../../build/turtle_control_ant build --build-base /home/antonio/Desktop/ros2_ws/build/turtle_control_ant/build install --record /home/antonio/Desktop/ros2_ws/build/turtle_control_ant/install.log --single-version-externally-managed install_data
[0.811s] running egg_info
[0.813s] writing ../../build/turtle_control_ant/turtle_control_ant.egg-info/PKG-INFO
[0.813s] writing dependency_links to ../../build/turtle_control_ant/turtle_control_ant.egg-info/dependency_links.txt
[0.813s] writing entry points to ../../build/turtle_control_ant/turtle_control_ant.egg-info/entry_points.txt
[0.813s] writing requirements to ../../build/turtle_control_ant/turtle_control_ant.egg-info/requires.txt
[0.813s] writing top-level names to ../../build/turtle_control_ant/turtle_control_ant.egg-info/top_level.txt
[0.815s] reading manifest file '../../build/turtle_control_ant/turtle_control_ant.egg-info/SOURCES.txt'
[0.816s] writing manifest file '../../build/turtle_control_ant/turtle_control_ant.egg-info/SOURCES.txt'
[0.816s] running build
[0.816s] running build_py
[0.817s] copying turtle_control_ant/voice_control.py -> /home/antonio/Desktop/ros2_ws/build/turtle_control_ant/build/lib/turtle_control_ant
[0.817s] running install
[0.817s] running install_lib
[0.818s] copying /home/antonio/Desktop/ros2_ws/build/turtle_control_ant/build/lib/turtle_control_ant/voice_control.py -> /home/antonio/Desktop/ros2_ws/install/turtle_control_ant/lib/python3.10/site-packages/turtle_control_ant
[0.819s] byte-compiling /home/antonio/Desktop/ros2_ws/install/turtle_control_ant/lib/python3.10/site-packages/turtle_control_ant/voice_control.py to voice_control.cpython-310.pyc
[0.820s] running install_data
[0.820s] running install_egg_info
[0.822s] removing '/home/antonio/Desktop/ros2_ws/install/turtle_control_ant/lib/python3.10/site-packages/turtle_control_ant-0.0.0-py3.10.egg-info' (and everything under it)
[0.822s] Copying ../../build/turtle_control_ant/turtle_control_ant.egg-info to /home/antonio/Desktop/ros2_ws/install/turtle_control_ant/lib/python3.10/site-packages/turtle_control_ant-0.0.0-py3.10.egg-info
[0.823s] running install_scripts
[0.842s] Installing turtle_control script to /home/antonio/Desktop/ros2_ws/install/turtle_control_ant/lib/turtle_control_ant
[0.842s] Installing voice_control script to /home/antonio/Desktop/ros2_ws/install/turtle_control_ant/lib/turtle_control_ant
[0.843s] writing list of installed files to '/home/antonio/Desktop/ros2_ws/build/turtle_control_ant/install.log'
[0.861s] Invoked command in '/home/antonio/Desktop/ros2_ws/src/turtle_control_ant' returned '0': PYTHONPATH=/home/antonio/Desktop/ros2_ws/build/turtle_control_ant/prefix_override:/usr/lib/python3/dist-packages/colcon_core/task/python/colcon_distutils_commands:/home/antonio/Desktop/ros2_ws/install/turtle_control_ant/lib/python3.10/site-packages:${PYTHONPATH} /usr/bin/python3 -W ignore:setup.py install is deprecated setup.py egg_info --egg-base ../../build/turtle_control_ant build --build-base /home/antonio/Desktop/ros2_ws/build/turtle_control_ant/build install --record /home/antonio/Desktop/ros2_ws/build/turtle_control_ant/install.log --single-version-externally-managed install_data
