[0.581s] Invoking command in '/home/antonio/Desktop/ros2_ws/src/turtle_control_ant': PYTHONPATH=/home/antonio/Desktop/ros2_ws/src/build/turtle_control_ant/prefix_override:/usr/lib/python3/dist-packages/colcon_core/task/python/colcon_distutils_commands:/home/antonio/Desktop/ros2_ws/src/install/turtle_control_ant/lib/python3.10/site-packages:${PYTHONPATH} /usr/bin/python3 -W ignore:setup.py install is deprecated setup.py egg_info --egg-base ../build/turtle_control_ant build --build-base /home/antonio/Desktop/ros2_ws/src/build/turtle_control_ant/build install --record /home/antonio/Desktop/ros2_ws/src/build/turtle_control_ant/install.log --single-version-externally-managed install_data
[0.815s] running egg_info
[0.816s] writing ../build/turtle_control_ant/turtle_control_ant.egg-info/PKG-INFO
[0.816s] writing dependency_links to ../build/turtle_control_ant/turtle_control_ant.egg-info/dependency_links.txt
[0.816s] writing entry points to ../build/turtle_control_ant/turtle_control_ant.egg-info/entry_points.txt
[0.816s] writing requirements to ../build/turtle_control_ant/turtle_control_ant.egg-info/requires.txt
[0.817s] writing top-level names to ../build/turtle_control_ant/turtle_control_ant.egg-info/top_level.txt
[0.818s] reading manifest file '../build/turtle_control_ant/turtle_control_ant.egg-info/SOURCES.txt'
[0.819s] writing manifest file '../build/turtle_control_ant/turtle_control_ant.egg-info/SOURCES.txt'
[0.819s] running build
[0.820s] running build_py
[0.820s] copying turtle_control_ant/voice_control.py -> /home/antonio/Desktop/ros2_ws/src/build/turtle_control_ant/build/lib/turtle_control_ant
[0.820s] running install
[0.820s] running install_lib
[0.821s] copying /home/antonio/Desktop/ros2_ws/src/build/turtle_control_ant/build/lib/turtle_control_ant/voice_control.py -> /home/antonio/Desktop/ros2_ws/src/install/turtle_control_ant/lib/python3.10/site-packages/turtle_control_ant
[0.822s] byte-compiling /home/antonio/Desktop/ros2_ws/src/install/turtle_control_ant/lib/python3.10/site-packages/turtle_control_ant/voice_control.py to voice_control.cpython-310.pyc
[0.823s] running install_data
[0.823s] running install_egg_info
[0.825s] removing '/home/antonio/Desktop/ros2_ws/src/install/turtle_control_ant/lib/python3.10/site-packages/turtle_control_ant-0.0.0-py3.10.egg-info' (and everything under it)
[0.825s] Copying ../build/turtle_control_ant/turtle_control_ant.egg-info to /home/antonio/Desktop/ros2_ws/src/install/turtle_control_ant/lib/python3.10/site-packages/turtle_control_ant-0.0.0-py3.10.egg-info
[0.826s] running install_scripts
[0.845s] Installing turtle_control script to /home/antonio/Desktop/ros2_ws/src/install/turtle_control_ant/lib/turtle_control_ant
[0.845s] Installing voice_control script to /home/antonio/Desktop/ros2_ws/src/install/turtle_control_ant/lib/turtle_control_ant
[0.845s] writing list of installed files to '/home/antonio/Desktop/ros2_ws/src/build/turtle_control_ant/install.log'
[0.865s] Invoked command in '/home/antonio/Desktop/ros2_ws/src/turtle_control_ant' returned '0': PYTHONPATH=/home/antonio/Desktop/ros2_ws/src/build/turtle_control_ant/prefix_override:/usr/lib/python3/dist-packages/colcon_core/task/python/colcon_distutils_commands:/home/antonio/Desktop/ros2_ws/src/install/turtle_control_ant/lib/python3.10/site-packages:${PYTHONPATH} /usr/bin/python3 -W ignore:setup.py install is deprecated setup.py egg_info --egg-base ../build/turtle_control_ant build --build-base /home/antonio/Desktop/ros2_ws/src/build/turtle_control_ant/build install --record /home/antonio/Desktop/ros2_ws/src/build/turtle_control_ant/install.log --single-version-externally-managed install_data
